<?xml version="1.0" encoding="UTF-8"?>
<!-- Generated by org.testng.reporters.JUnitReportReporter -->
<testsuite hostname="Bulbul-Desktop" failures="0" tests="1" name="com.testrunner.TestRunner" time="4.321" errors="1" timestamp="11 Sep 2020 00:01:38 GMT" skipped="0">
  <testcase classname="com.testrunner.TestRunner" name="feature" time="4.321">
    <error message="org.openqa.selenium.SessionNotCreatedException: session not created: This version of ChromeDriver only supports Chrome version 81
Build info: version: &#039;3.141.59&#039;, revision: &#039;e82be7d358&#039;, time: &#039;2018-11-14T08:17:03&#039;
System info: host: &#039;BULBUL-DESKTOP&#039;, ip: &#039;192.168.1.216&#039;, os.name: &#039;Windows 10&#039;, os.arch: &#039;amd64&#039;, os.version: &#039;10.0&#039;, java.version: &#039;13.0.2&#039;
Driver info: driver.version: ChromeDriver
remote stacktrace: Backtrace:
	Ordinal0 [0x00365F73+2449267]
	Ordinal0 [0x00298361+1606497]
	Ordinal0 [0x0018F969+522601]
	Ordinal0 [0x001205F3+67059]
	Ordinal0 [0x0011CD92+52626]
	Ordinal0 [0x0013C127+180519]
	Ordinal0 [0x0013BF2D+180013]
	Ordinal0 [0x00139E5B+171611]
	Ordinal0 [0x00121DD8+73176]
	Ordinal0 [0x00122E50+77392]
	Ordinal0 [0x00122DE9+77289]
	Ordinal0 [0x002AD8D7+1693911]
	GetHandleVerifier [0x00404036+522726]
	GetHandleVerifier [0x00403D74+522020]
	GetHandleVerifier [0x00419187+609079]
	GetHandleVerifier [0x004048A6+524886]
	Ordinal0 [0x002A5CBC+1662140]
	Ordinal0 [0x002AF23B+1700411]
	Ordinal0 [0x002AF3A3+1700771]
	Ordinal0 [0x002C5215+1790485]
	BaseThreadInitThunk [0x7678F989+25]
	RtlGetAppContainerNamedObjectPath [0x778374B4+228]
	RtlGetAppContainerNamedObjectPath [0x77837484+180]
" type="cucumber.runtime.CucumberException">
      <![CDATA[cucumber.runtime.CucumberException: org.openqa.selenium.SessionNotCreatedException: session not created: This version of ChromeDriver only supports Chrome version 81
Build info: version: '3.141.59', revision: 'e82be7d358', time: '2018-11-14T08:17:03'
System info: host: 'BULBUL-DESKTOP', ip: '192.168.1.216', os.name: 'Windows 10', os.arch: 'amd64', os.version: '10.0', java.version: '13.0.2'
Driver info: driver.version: ChromeDriver
remote stacktrace: Backtrace:
Ordinal0 [0x00365F73+2449267]
Ordinal0 [0x00298361+1606497]
Ordinal0 [0x0018F969+522601]
Ordinal0 [0x001205F3+67059]
Ordinal0 [0x0011CD92+52626]
Ordinal0 [0x0013C127+180519]
Ordinal0 [0x0013BF2D+180013]
Ordinal0 [0x00139E5B+171611]
Ordinal0 [0x00121DD8+73176]
Ordinal0 [0x00122E50+77392]
Ordinal0 [0x00122DE9+77289]
Ordinal0 [0x002AD8D7+1693911]
GetHandleVerifier [0x00404036+522726]
GetHandleVerifier [0x00403D74+522020]
GetHandleVerifier [0x00419187+609079]
GetHandleVerifier [0x004048A6+524886]
Ordinal0 [0x002A5CBC+1662140]
Ordinal0 [0x002AF23B+1700411]
Ordinal0 [0x002AF3A3+1700771]
Ordinal0 [0x002C5215+1790485]
BaseThreadInitThunk [0x7678F989+25]
RtlGetAppContainerNamedObjectPath [0x778374B4+228]
RtlGetAppContainerNamedObjectPath [0x77837484+180]

at cucumber.api.testng.TestNGCucumberRunner.runCucumber(TestNGCucumberRunner.java:69)
at cucumber.api.testng.AbstractTestNGCucumberTests.feature(AbstractTestNGCucumberTests.java:21)
at java.base/jdk.internal.reflect.NativeMethodAccessorImpl.invoke0(Native Method)
at java.base/jdk.internal.reflect.NativeMethodAccessorImpl.invoke(NativeMethodAccessorImpl.java:62)
at java.base/jdk.internal.reflect.DelegatingMethodAccessorImpl.invoke(DelegatingMethodAccessorImpl.java:43)
at java.base/java.lang.reflect.Method.invoke(Method.java:567)
at org.testng.internal.MethodInvocationHelper.invokeMethod(MethodInvocationHelper.java:124)
at org.testng.internal.Invoker.invokeMethod(Invoker.java:583)
at org.testng.internal.Invoker.invokeTestMethod(Invoker.java:719)
at org.testng.internal.Invoker.invokeTestMethods(Invoker.java:989)
at org.testng.internal.TestMethodWorker.invokeTestMethods(TestMethodWorker.java:125)
at org.testng.internal.TestMethodWorker.run(TestMethodWorker.java:109)
at org.testng.TestRunner.privateRun(TestRunner.java:648)
at org.testng.TestRunner.run(TestRunner.java:505)
at org.testng.SuiteRunner.runTest(SuiteRunner.java:455)
at org.testng.SuiteRunner.runSequentially(SuiteRunner.java:450)
at org.testng.SuiteRunner.privateRun(SuiteRunner.java:415)
at org.testng.SuiteRunner.run(SuiteRunner.java:364)
at org.testng.SuiteRunnerWorker.runSuite(SuiteRunnerWorker.java:52)
at org.testng.SuiteRunnerWorker.run(SuiteRunnerWorker.java:84)
at org.testng.TestNG.runSuitesSequentially(TestNG.java:1208)
at org.testng.TestNG.runSuitesLocally(TestNG.java:1137)
at org.testng.TestNG.runSuites(TestNG.java:1049)
at org.testng.TestNG.run(TestNG.java:1017)
at org.testng.remote.AbstractRemoteTestNG.run(AbstractRemoteTestNG.java:115)
at org.testng.remote.RemoteTestNG.initAndRun(RemoteTestNG.java:251)
at org.testng.remote.RemoteTestNG.main(RemoteTestNG.java:77)
Caused by: org.openqa.selenium.SessionNotCreatedException: session not created: This version of ChromeDriver only supports Chrome version 81
Build info: version: '3.141.59', revision: 'e82be7d358', time: '2018-11-14T08:17:03'
System info: host: 'BULBUL-DESKTOP', ip: '192.168.1.216', os.name: 'Windows 10', os.arch: 'amd64', os.version: '10.0', java.version: '13.0.2'
Driver info: driver.version: ChromeDriver
remote stacktrace: Backtrace:
Ordinal0 [0x00365F73+2449267]
Ordinal0 [0x00298361+1606497]
Ordinal0 [0x0018F969+522601]
Ordinal0 [0x001205F3+67059]
Ordinal0 [0x0011CD92+52626]
Ordinal0 [0x0013C127+180519]
Ordinal0 [0x0013BF2D+180013]
Ordinal0 [0x00139E5B+171611]
Ordinal0 [0x00121DD8+73176]
Ordinal0 [0x00122E50+77392]
Ordinal0 [0x00122DE9+77289]
Ordinal0 [0x002AD8D7+1693911]
GetHandleVerifier [0x00404036+522726]
GetHandleVerifier [0x00403D74+522020]
GetHandleVerifier [0x00419187+609079]
GetHandleVerifier [0x004048A6+524886]
Ordinal0 [0x002A5CBC+1662140]
Ordinal0 [0x002AF23B+1700411]
Ordinal0 [0x002AF3A3+1700771]
Ordinal0 [0x002C5215+1790485]
BaseThreadInitThunk [0x7678F989+25]
RtlGetAppContainerNamedObjectPath [0x778374B4+228]
RtlGetAppContainerNamedObjectPath [0x77837484+180]

at java.base/jdk.internal.reflect.NativeConstructorAccessorImpl.newInstance0(Native Method)
at java.base/jdk.internal.reflect.NativeConstructorAccessorImpl.newInstance(NativeConstructorAccessorImpl.java:62)
at java.base/jdk.internal.reflect.DelegatingConstructorAccessorImpl.newInstance(DelegatingConstructorAccessorImpl.java:45)
at java.base/java.lang.reflect.Constructor.newInstanceWithCaller(Constructor.java:500)
at java.base/java.lang.reflect.Constructor.newInstance(Constructor.java:481)
at org.openqa.selenium.remote.W3CHandshakeResponse.lambda$errorHandler$0(W3CHandshakeResponse.java:62)
at org.openqa.selenium.remote.HandshakeResponse.lambda$getResponseFunction$0(HandshakeResponse.java:30)
at org.openqa.selenium.remote.ProtocolHandshake.lambda$createSession$0(ProtocolHandshake.java:126)
at java.base/java.util.stream.ReferencePipeline$3$1.accept(ReferencePipeline.java:195)
at java.base/java.util.Spliterators$ArraySpliterator.tryAdvance(Spliterators.java:958)
at java.base/java.util.stream.ReferencePipeline.forEachWithCancel(ReferencePipeline.java:127)
at java.base/java.util.stream.AbstractPipeline.copyIntoWithCancel(AbstractPipeline.java:502)
at java.base/java.util.stream.AbstractPipeline.copyInto(AbstractPipeline.java:488)
at java.base/java.util.stream.AbstractPipeline.wrapAndCopyInto(AbstractPipeline.java:474)
at java.base/java.util.stream.FindOps$FindOp.evaluateSequential(FindOps.java:150)
at java.base/java.util.stream.AbstractPipeline.evaluate(AbstractPipeline.java:234)
at java.base/java.util.stream.ReferencePipeline.findFirst(ReferencePipeline.java:543)
at org.openqa.selenium.remote.ProtocolHandshake.createSession(ProtocolHandshake.java:128)
at org.openqa.selenium.remote.ProtocolHandshake.createSession(ProtocolHandshake.java:74)
at org.openqa.selenium.remote.HttpCommandExecutor.execute(HttpCommandExecutor.java:136)
at org.openqa.selenium.remote.service.DriverCommandExecutor.execute(DriverCommandExecutor.java:83)
at org.openqa.selenium.remote.RemoteWebDriver.execute(RemoteWebDriver.java:552)
at org.openqa.selenium.remote.RemoteWebDriver.startSession(RemoteWebDriver.java:213)
at org.openqa.selenium.remote.RemoteWebDriver.<init>(RemoteWebDriver.java:131)
at org.openqa.selenium.chrome.ChromeDriver.<init>(ChromeDriver.java:181)
at org.openqa.selenium.chrome.ChromeDriver.<init>(ChromeDriver.java:168)
at org.openqa.selenium.chrome.ChromeDriver.<init>(ChromeDriver.java:123)
at com.stepdef.ShoeSizeDropDownList.navigate_to_JCPenney_Home_page(ShoeSizeDropDownList.java:23)
at âœ½.Given Navigate to JCPenney Home page(MenShoes.feature:4)
]]>
    </error>
  </testcase> <!-- feature -->
</testsuite> <!-- com.testrunner.TestRunner -->
